2022-08-23 00:56:16,390:INFO:PyCaret Supervised Module
2022-08-23 00:56:16,391:INFO:ML Usecase: classification
2022-08-23 00:56:16,391:INFO:version 2.3.10
2022-08-23 00:56:16,391:INFO:Initializing setup()
2022-08-23 00:56:16,391:INFO:setup(target=0        0
1        0
2        0
3        0
4        0
        ..
92046    0
92047    0
92048    0
92049    0
92050    0
Name: EV, Length: 226897, dtype: int64, ml_usecase=classification, available_plots={'parameter': 'Hyperparameters', 'auc': 'AUC', 'confusion_matrix': 'Confusion Matrix', 'threshold': 'Threshold', 'pr': 'Precision Recall', 'error': 'Prediction Error', 'class_report': 'Class Report', 'rfe': 'Feature Selection', 'learning': 'Learning Curve', 'manifold': 'Manifold Learning', 'calibration': 'Calibration Curve', 'vc': 'Validation Curve', 'dimension': 'Dimensions', 'feature': 'Feature Importance', 'feature_all': 'Feature Importance (All)', 'boundary': 'Decision Boundary', 'lift': 'Lift Chart', 'gain': 'Gain Chart', 'tree': 'Decision Tree', 'ks': 'KS Statistic Plot'}, train_size=0.7, test_data=None, preprocess=True, imputation_type=simple, iterative_imputation_iters=5, categorical_features=None, categorical_imputation=constant, categorical_iterative_imputer=lightgbm, ordinal_features=None, high_cardinality_features=None, high_cardinality_method=frequency, numeric_features=None, numeric_imputation=mean, numeric_iterative_imputer=lightgbm, date_features=None, ignore_features=None, normalize=False, normalize_method=zscore, transformation=False, transformation_method=yeo-johnson, handle_unknown_categorical=True, unknown_categorical_method=least_frequent, pca=False, pca_method=linear, pca_components=None, ignore_low_variance=False, combine_rare_levels=False, rare_level_threshold=0.1, bin_numeric_features=None, remove_outliers=False, outliers_threshold=0.05, remove_multicollinearity=False, multicollinearity_threshold=0.9, remove_perfect_collinearity=True, create_clusters=False, cluster_iter=20, polynomial_features=False, polynomial_degree=2, trigonometry_features=False, polynomial_threshold=0.1, group_features=None, group_names=None, feature_selection=False, feature_selection_threshold=0.8, feature_selection_method=classic, feature_interaction=False, feature_ratio=False, interaction_threshold=0.01, fix_imbalance=False, fix_imbalance_method=None, transform_target=False, transform_target_method=box-cox, data_split_shuffle=True, data_split_stratify=False, fold_strategy=stratifiedkfold, fold=10, fold_shuffle=False, fold_groups=None, n_jobs=-1, use_gpu=False, custom_pipeline=None, html=True, session_id=None, log_experiment=False, experiment_name=None, experiment_custom_tags=None, log_plots=False, log_profile=False, log_data=False, silent=False, verbose=True, profile=False, profile_kwargs=None, display=None)
2022-08-23 00:56:16,391:INFO:Checking environment
2022-08-23 00:56:16,391:INFO:python_version: 3.8.13
2022-08-23 00:56:16,391:INFO:python_build: ('default', 'Mar 28 2022 06:59:08')
2022-08-23 00:56:16,392:INFO:machine: AMD64
2022-08-23 00:56:16,392:INFO:platform: Windows-10-10.0.19044-SP0
2022-08-23 00:56:16,392:INFO:Memory: svmem(total=17111388160, available=7726137344, percent=54.8, used=9385250816, free=7726137344)
2022-08-23 00:56:16,392:INFO:Physical Core: 8
2022-08-23 00:56:16,392:INFO:Logical Core: 16
2022-08-23 00:56:16,392:INFO:Checking libraries
2022-08-23 00:56:16,392:INFO:pd==1.4.3
2022-08-23 00:56:16,392:INFO:numpy==1.19.5
2022-08-23 00:56:16,392:INFO:sklearn==0.23.2
2022-08-23 00:56:16,392:INFO:lightgbm==3.3.2
2022-08-23 00:56:16,393:WARNING:catboost not found
2022-08-23 00:56:16,394:WARNING:xgboost not found
2022-08-23 00:56:16,394:INFO:mlflow==1.28.0
2022-08-23 00:56:16,394:INFO:Checking Exceptions
2022-08-23 00:57:14,227:INFO:PyCaret Supervised Module
2022-08-23 00:57:14,227:INFO:ML Usecase: classification
2022-08-23 00:57:14,227:INFO:version 2.3.10
2022-08-23 00:57:14,227:INFO:Initializing setup()
2022-08-23 00:57:14,227:INFO:setup(target=EV, ml_usecase=classification, available_plots={'parameter': 'Hyperparameters', 'auc': 'AUC', 'confusion_matrix': 'Confusion Matrix', 'threshold': 'Threshold', 'pr': 'Precision Recall', 'error': 'Prediction Error', 'class_report': 'Class Report', 'rfe': 'Feature Selection', 'learning': 'Learning Curve', 'manifold': 'Manifold Learning', 'calibration': 'Calibration Curve', 'vc': 'Validation Curve', 'dimension': 'Dimensions', 'feature': 'Feature Importance', 'feature_all': 'Feature Importance (All)', 'boundary': 'Decision Boundary', 'lift': 'Lift Chart', 'gain': 'Gain Chart', 'tree': 'Decision Tree', 'ks': 'KS Statistic Plot'}, train_size=0.7, test_data=None, preprocess=True, imputation_type=simple, iterative_imputation_iters=5, categorical_features=None, categorical_imputation=constant, categorical_iterative_imputer=lightgbm, ordinal_features=None, high_cardinality_features=None, high_cardinality_method=frequency, numeric_features=None, numeric_imputation=mean, numeric_iterative_imputer=lightgbm, date_features=None, ignore_features=None, normalize=False, normalize_method=zscore, transformation=False, transformation_method=yeo-johnson, handle_unknown_categorical=True, unknown_categorical_method=least_frequent, pca=False, pca_method=linear, pca_components=None, ignore_low_variance=False, combine_rare_levels=False, rare_level_threshold=0.1, bin_numeric_features=None, remove_outliers=False, outliers_threshold=0.05, remove_multicollinearity=False, multicollinearity_threshold=0.9, remove_perfect_collinearity=True, create_clusters=False, cluster_iter=20, polynomial_features=False, polynomial_degree=2, trigonometry_features=False, polynomial_threshold=0.1, group_features=None, group_names=None, feature_selection=False, feature_selection_threshold=0.8, feature_selection_method=classic, feature_interaction=False, feature_ratio=False, interaction_threshold=0.01, fix_imbalance=False, fix_imbalance_method=None, transform_target=False, transform_target_method=box-cox, data_split_shuffle=True, data_split_stratify=False, fold_strategy=stratifiedkfold, fold=10, fold_shuffle=False, fold_groups=None, n_jobs=-1, use_gpu=False, custom_pipeline=None, html=True, session_id=None, log_experiment=False, experiment_name=None, experiment_custom_tags=None, log_plots=False, log_profile=False, log_data=False, silent=False, verbose=True, profile=False, profile_kwargs=None, display=None)
2022-08-23 00:57:14,228:INFO:Checking environment
2022-08-23 00:57:14,228:INFO:python_version: 3.8.13
2022-08-23 00:57:14,228:INFO:python_build: ('default', 'Mar 28 2022 06:59:08')
2022-08-23 00:57:14,228:INFO:machine: AMD64
2022-08-23 00:57:14,228:INFO:platform: Windows-10-10.0.19044-SP0
2022-08-23 00:57:14,228:INFO:Memory: svmem(total=17111388160, available=7663116288, percent=55.2, used=9448271872, free=7663116288)
2022-08-23 00:57:14,228:INFO:Physical Core: 8
2022-08-23 00:57:14,228:INFO:Logical Core: 16
2022-08-23 00:57:14,228:INFO:Checking libraries
2022-08-23 00:57:14,228:INFO:pd==1.4.3
2022-08-23 00:57:14,228:INFO:numpy==1.19.5
2022-08-23 00:57:14,228:INFO:sklearn==0.23.2
2022-08-23 00:57:14,228:INFO:lightgbm==3.3.2
2022-08-23 00:57:14,229:WARNING:catboost not found
2022-08-23 00:57:14,230:WARNING:xgboost not found
2022-08-23 00:57:14,230:INFO:mlflow==1.28.0
2022-08-23 00:57:14,230:INFO:Checking Exceptions
2022-08-23 00:57:14,230:INFO:Declaring global variables
2022-08-23 00:57:14,230:INFO:USI: 118f
2022-08-23 00:57:14,230:INFO:pycaret_globals: {'experiment__', '_all_metrics', 'master_model_container', '_all_models_internal', 'X', 'log_plots_param', 'transform_target_method_param', 'logging_param', 'X_test', 'fold_groups_param_full', 'gpu_param', 'X_train', '_ml_usecase', 'exp_name_log', 'y_train', '_gpu_n_jobs_param', 'y', 'seed', 'create_model_container', 'fold_generator', 'imputation_classifier', 'fix_imbalance_param', 'stratify_param', 'USI', 'transform_target_param', 'fix_imbalance_method_param', 'imputation_regressor', 'fold_groups_param', 'html_param', '_internal_pipeline', 'data_before_preprocess', 'display_container', 'pycaret_globals', '_available_plots', 'y_test', 'n_jobs_param', 'fold_shuffle_param', '_all_models', 'target_param', 'fold_param', 'dashboard_logger', 'prep_pipe', 'iterative_imputation_iters_param'}
2022-08-23 00:57:14,230:INFO:Preparing display monitor
2022-08-23 00:57:14,230:INFO:Preparing display monitor
2022-08-23 00:57:14,239:INFO:Importing libraries
2022-08-23 00:57:14,239:INFO:Copying data for preprocessing
2022-08-23 00:57:14,252:INFO:Declaring preprocessing parameters
2022-08-23 00:57:14,274:INFO:Creating preprocessing pipeline
2022-08-23 00:57:14,643:INFO:Preprocessing pipeline created successfully
2022-08-23 00:57:14,643:ERROR:(Process Exit): setup has been interupted with user command 'quit'. setup must rerun.
2022-08-23 00:57:14,644:INFO:Creating global containers
2022-08-23 00:57:14,645:INFO:Internal pipeline: Pipeline(memory=None, steps=[('empty_step', 'passthrough')], verbose=False)
2022-08-23 00:57:35,697:INFO:PyCaret Supervised Module
2022-08-23 00:57:35,697:INFO:ML Usecase: classification
2022-08-23 00:57:35,697:INFO:version 2.3.10
2022-08-23 00:57:35,697:INFO:Initializing setup()
2022-08-23 00:57:35,697:INFO:setup(target=EV, ml_usecase=classification, available_plots={'parameter': 'Hyperparameters', 'auc': 'AUC', 'confusion_matrix': 'Confusion Matrix', 'threshold': 'Threshold', 'pr': 'Precision Recall', 'error': 'Prediction Error', 'class_report': 'Class Report', 'rfe': 'Feature Selection', 'learning': 'Learning Curve', 'manifold': 'Manifold Learning', 'calibration': 'Calibration Curve', 'vc': 'Validation Curve', 'dimension': 'Dimensions', 'feature': 'Feature Importance', 'feature_all': 'Feature Importance (All)', 'boundary': 'Decision Boundary', 'lift': 'Lift Chart', 'gain': 'Gain Chart', 'tree': 'Decision Tree', 'ks': 'KS Statistic Plot'}, train_size=0.7, test_data=None, preprocess=True, imputation_type=simple, iterative_imputation_iters=5, categorical_features=None, categorical_imputation=constant, categorical_iterative_imputer=lightgbm, ordinal_features=None, high_cardinality_features=None, high_cardinality_method=frequency, numeric_features=None, numeric_imputation=mean, numeric_iterative_imputer=lightgbm, date_features=None, ignore_features=None, normalize=False, normalize_method=zscore, transformation=False, transformation_method=yeo-johnson, handle_unknown_categorical=True, unknown_categorical_method=least_frequent, pca=False, pca_method=linear, pca_components=None, ignore_low_variance=False, combine_rare_levels=False, rare_level_threshold=0.1, bin_numeric_features=None, remove_outliers=False, outliers_threshold=0.05, remove_multicollinearity=False, multicollinearity_threshold=0.9, remove_perfect_collinearity=True, create_clusters=False, cluster_iter=20, polynomial_features=False, polynomial_degree=2, trigonometry_features=False, polynomial_threshold=0.1, group_features=None, group_names=None, feature_selection=False, feature_selection_threshold=0.8, feature_selection_method=classic, feature_interaction=False, feature_ratio=False, interaction_threshold=0.01, fix_imbalance=False, fix_imbalance_method=None, transform_target=False, transform_target_method=box-cox, data_split_shuffle=True, data_split_stratify=False, fold_strategy=stratifiedkfold, fold=10, fold_shuffle=False, fold_groups=None, n_jobs=-1, use_gpu=False, custom_pipeline=None, html=True, session_id=None, log_experiment=False, experiment_name=None, experiment_custom_tags=None, log_plots=False, log_profile=False, log_data=False, silent=False, verbose=True, profile=False, profile_kwargs=None, display=None)
2022-08-23 00:57:35,697:INFO:Checking environment
2022-08-23 00:57:35,697:INFO:python_version: 3.8.13
2022-08-23 00:57:35,697:INFO:python_build: ('default', 'Mar 28 2022 06:59:08')
2022-08-23 00:57:35,697:INFO:machine: AMD64
2022-08-23 00:57:35,697:INFO:platform: Windows-10-10.0.19044-SP0
2022-08-23 00:57:35,697:INFO:Memory: svmem(total=17111388160, available=7373574144, percent=56.9, used=9737814016, free=7373574144)
2022-08-23 00:57:35,697:INFO:Physical Core: 8
2022-08-23 00:57:35,697:INFO:Logical Core: 16
2022-08-23 00:57:35,697:INFO:Checking libraries
2022-08-23 00:57:35,697:INFO:pd==1.4.3
2022-08-23 00:57:35,697:INFO:numpy==1.19.5
2022-08-23 00:57:35,697:INFO:sklearn==0.23.2
2022-08-23 00:57:35,698:INFO:lightgbm==3.3.2
2022-08-23 00:57:35,698:WARNING:catboost not found
2022-08-23 00:57:35,699:WARNING:xgboost not found
2022-08-23 00:57:35,699:INFO:mlflow==1.28.0
2022-08-23 00:57:35,699:INFO:Checking Exceptions
2022-08-23 00:57:35,699:INFO:Declaring global variables
2022-08-23 00:57:35,699:INFO:USI: f042
2022-08-23 00:57:35,699:INFO:pycaret_globals: {'experiment__', '_all_metrics', 'master_model_container', '_all_models_internal', 'X', 'log_plots_param', 'transform_target_method_param', 'logging_param', 'X_test', 'fold_groups_param_full', 'gpu_param', 'X_train', '_ml_usecase', 'exp_name_log', 'y_train', '_gpu_n_jobs_param', 'y', 'seed', 'create_model_container', 'fold_generator', 'imputation_classifier', 'fix_imbalance_param', 'stratify_param', 'USI', 'transform_target_param', 'fix_imbalance_method_param', 'imputation_regressor', 'fold_groups_param', 'html_param', '_internal_pipeline', 'data_before_preprocess', 'display_container', 'pycaret_globals', '_available_plots', 'y_test', 'n_jobs_param', 'fold_shuffle_param', '_all_models', 'target_param', 'fold_param', 'dashboard_logger', 'prep_pipe', 'iterative_imputation_iters_param'}
2022-08-23 00:57:35,699:INFO:Preparing display monitor
2022-08-23 00:57:35,699:INFO:Preparing display monitor
2022-08-23 00:57:35,708:INFO:Importing libraries
2022-08-23 00:57:35,709:INFO:Copying data for preprocessing
2022-08-23 00:57:35,725:INFO:Declaring preprocessing parameters
2022-08-23 00:57:35,741:INFO:Creating preprocessing pipeline
2022-08-23 00:57:36,088:INFO:Preprocessing pipeline created successfully
2022-08-23 00:57:36,088:ERROR:(Process Exit): setup has been interupted with user command 'quit'. setup must rerun.
2022-08-23 00:57:36,089:INFO:Creating global containers
2022-08-23 00:57:36,089:INFO:Internal pipeline: Pipeline(memory=None, steps=[('empty_step', 'passthrough')], verbose=False)
2022-08-23 00:58:05,483:WARNING:Couldn't import xgboost.XGBClassifier
2022-08-23 00:58:05,484:WARNING:Couldn't import catboost.CatBoostClassifier
2022-08-23 00:58:05,564:WARNING:Couldn't import xgboost.XGBClassifier
2022-08-23 00:58:05,565:WARNING:Couldn't import catboost.CatBoostClassifier
2022-08-23 00:58:05,566:INFO:Creating grid variables
2022-08-23 00:58:05,581:INFO:create_model_container: 0
2022-08-23 00:58:05,581:INFO:master_model_container: 0
2022-08-23 00:58:05,581:INFO:display_container: 1
2022-08-23 00:58:05,586:INFO:Pipeline(memory=None,
         steps=[('dtypes',
                 DataTypes_Auto_infer(categorical_features=[],
                                      display_types=True, features_todrop=[],
                                      id_columns=[],
                                      ml_usecase='classification',
                                      numerical_features=[], target='EV',
                                      time_features=[])),
                ('imputer',
                 Simple_Imputer(categorical_strategy='not_available',
                                fill_value_categorical=None,
                                fill_value_numerical=None,
                                numeric_strategy=...
                ('scaling', 'passthrough'), ('P_transform', 'passthrough'),
                ('binn', 'passthrough'), ('rem_outliers', 'passthrough'),
                ('cluster_all', 'passthrough'), ('dummy', Dummify(target='EV')),
                ('fix_perfect', Remove_100(target='EV')),
                ('clean_names', Clean_Colum_Names()),
                ('feature_select', 'passthrough'), ('fix_multi', 'passthrough'),
                ('dfs', 'passthrough'), ('pca', 'passthrough')],
         verbose=False)
2022-08-23 00:58:05,586:INFO:setup() succesfully completed......................................
2022-08-23 00:58:05,757:INFO:Initializing compare_models()
2022-08-23 00:58:05,757:INFO:compare_models(include=None, fold=None, round=4, cross_validation=True, sort=Accuracy, n_select=1, budget_time=None, turbo=True, errors=ignore, fit_kwargs=None, groups=None, experiment_custom_tags=None, probability_threshold=None, verbose=True, display=None, exclude=None)
2022-08-23 00:58:05,757:INFO:Checking exceptions
2022-08-23 00:58:05,759:INFO:Preparing display monitor
2022-08-23 00:58:05,759:INFO:Preparing display monitor
2022-08-23 00:58:05,781:INFO:Initializing Logistic Regression
2022-08-23 00:58:05,781:INFO:Total runtime is 0.0 minutes
2022-08-23 00:58:05,788:INFO:SubProcess create_model() called ==================================
2022-08-23 00:58:05,788:INFO:Initializing create_model()
2022-08-23 00:58:05,788:INFO:create_model(estimator=lr, fold=StratifiedKFold(n_splits=10, random_state=None, shuffle=False), round=4, cross_validation=True, predict=True, fit_kwargs={}, groups=None, refit=False, verbose=False, system=False, metrics=None, experiment_custom_tags=None, add_to_model_list=True, probability_threshold=None, display=<pycaret.internal.Display.Display object at 0x00000217BDA3AE80>, return_train_score=False, kwargs={})
2022-08-23 00:58:05,789:INFO:Checking exceptions
2022-08-23 00:58:05,789:INFO:Importing libraries
2022-08-23 00:58:05,789:INFO:Copying training dataset
2022-08-23 00:58:05,796:INFO:Defining folds
2022-08-23 00:58:05,797:INFO:Declaring metric variables
2022-08-23 00:58:05,802:INFO:Importing untrained model
2022-08-23 00:58:05,808:INFO:Logistic Regression Imported succesfully
2022-08-23 00:58:05,820:INFO:Starting cross validation
2022-08-23 00:58:05,820:INFO:Cross validating with StratifiedKFold(n_splits=10, random_state=None, shuffle=False), n_jobs=-1
2022-08-23 00:58:23,951:INFO:Calculating mean and std
2022-08-23 00:58:23,952:INFO:Creating metrics dataframe
2022-08-23 00:58:23,956:INFO:Uploading results into container
2022-08-23 00:58:23,956:INFO:Uploading model into container now
2022-08-23 00:58:23,956:INFO:create_model_container: 1
2022-08-23 00:58:23,957:INFO:master_model_container: 1
2022-08-23 00:58:23,957:INFO:display_container: 2
2022-08-23 00:58:23,957:INFO:LogisticRegression(C=1.0, class_weight=None, dual=False, fit_intercept=True,
                   intercept_scaling=1, l1_ratio=None, max_iter=1000,
                   multi_class='auto', n_jobs=None, penalty='l2',
                   random_state=5698, solver='lbfgs', tol=0.0001, verbose=0,
                   warm_start=False)
2022-08-23 00:58:23,957:INFO:create_model() succesfully completed......................................
2022-08-23 00:58:24,103:INFO:SubProcess create_model() end ==================================
2022-08-23 00:58:24,103:INFO:Creating metrics dataframe
2022-08-23 00:58:24,111:INFO:Initializing K Neighbors Classifier
2022-08-23 00:58:24,111:INFO:Total runtime is 0.3055036306381226 minutes
2022-08-23 00:58:24,117:INFO:SubProcess create_model() called ==================================
2022-08-23 00:58:24,118:INFO:Initializing create_model()
2022-08-23 00:58:24,118:INFO:create_model(estimator=knn, fold=StratifiedKFold(n_splits=10, random_state=None, shuffle=False), round=4, cross_validation=True, predict=True, fit_kwargs={}, groups=None, refit=False, verbose=False, system=False, metrics=None, experiment_custom_tags=None, add_to_model_list=True, probability_threshold=None, display=<pycaret.internal.Display.Display object at 0x00000217BDA3AE80>, return_train_score=False, kwargs={})
2022-08-23 00:58:24,118:INFO:Checking exceptions
2022-08-23 00:58:24,118:INFO:Importing libraries
2022-08-23 00:58:24,118:INFO:Copying training dataset
2022-08-23 00:58:24,124:INFO:Defining folds
2022-08-23 00:58:24,124:INFO:Declaring metric variables
2022-08-23 00:58:24,130:INFO:Importing untrained model
2022-08-23 00:58:24,136:INFO:K Neighbors Classifier Imported succesfully
2022-08-23 00:58:24,148:INFO:Starting cross validation
2022-08-23 00:58:24,148:INFO:Cross validating with StratifiedKFold(n_splits=10, random_state=None, shuffle=False), n_jobs=-1
